This file contains any messages produced by compilers while
running configure, to aid debugging if configure makes a mistake.

It was created by configure, which was
generated by GNU Autoconf 2.69.  Invocation command line was

  $ ./configure --host armv7a-linux-androideabi CFLAGS=-I../SDL2-2.0.16/include LDFLAGS=-L../SDL2-2.0.16/build/android/lib/armeabi-v7a

## --------- ##
## Platform. ##
## --------- ##

hostname = debian-gb2
uname -m = x86_64
uname -r = 5.10.0-9-amd64
uname -s = Linux
uname -v = #1 SMP Debian 5.10.70-1 (2021-09-30)

/usr/bin/uname -p = unknown
/bin/uname -X     = unknown

/bin/arch              = x86_64
/usr/bin/arch -k       = unknown
/usr/convex/getsysinfo = unknown
/usr/bin/hostinfo      = unknown
/bin/machine           = unknown
/usr/bin/oslevel       = unknown
/bin/universe          = unknown

PATH: /usr/local/sbin
PATH: /usr/local/bin
PATH: /usr/sbin
PATH: /usr/bin
PATH: /sbin
PATH: /bin


## ----------- ##
## Core tests. ##
## ----------- ##

configure:2549: checking build system type
configure:2563: result: x86_64-pc-linux-gnu
configure:2583: checking host system type
configure:2596: result: armv7a-unknown-linux-androideabi
configure:2627: checking for armv7a-linux-androideabi-gcc
configure:2654: result: /home/apps/android-sdk/ndk/20.1.5948944/toolchains/llvm/prebuilt/linux-x86_64/bin/armv7a-linux-androideabi21-clang
configure:2923: checking for C compiler version
configure:2932: /home/apps/android-sdk/ndk/20.1.5948944/toolchains/llvm/prebuilt/linux-x86_64/bin/armv7a-linux-androideabi21-clang --version >&5
Android (5220042 based on r346389c) clang version 8.0.7 (https://android.googlesource.com/toolchain/clang b55f2d4ebfd35bf643d27dbca1bb228957008617) (https://android.googlesource.com/toolchain/llvm 3c393fe7a7e13b0fba4ac75a01aa683d7a5b11cd) (based on LLVM 8.0.7svn)
Target: armv7a-unknown-linux-android21
Thread model: posix
InstalledDir: /home/apps/android-sdk/ndk/20.1.5948944/toolchains/llvm/prebuilt/linux-x86_64/bin
configure:2943: $? = 0
configure:2932: /home/apps/android-sdk/ndk/20.1.5948944/toolchains/llvm/prebuilt/linux-x86_64/bin/armv7a-linux-androideabi21-clang -v >&5
Android (5220042 based on r346389c) clang version 8.0.7 (https://android.googlesource.com/toolchain/clang b55f2d4ebfd35bf643d27dbca1bb228957008617) (https://android.googlesource.com/toolchain/llvm 3c393fe7a7e13b0fba4ac75a01aa683d7a5b11cd) (based on LLVM 8.0.7svn)
Target: armv7a-unknown-linux-android21
Thread model: posix
InstalledDir: /home/apps/android-sdk/ndk/20.1.5948944/toolchains/llvm/prebuilt/linux-x86_64/bin
Found candidate GCC installation: /home/apps/android-sdk/ndk/20.1.5948944/toolchains/llvm/prebuilt/linux-x86_64/bin/../lib/gcc/arm-linux-androideabi/4.9.x
Selected GCC installation: /home/apps/android-sdk/ndk/20.1.5948944/toolchains/llvm/prebuilt/linux-x86_64/bin/../lib/gcc/arm-linux-androideabi/4.9.x
Candidate multilib: thumb;@mthumb
Candidate multilib: armv7-a;@march=armv7-a
Candidate multilib: armv7-a/thumb;@march=armv7-a@mthumb
Candidate multilib: .;
... rest of stderr output deleted ...
configure:2943: $? = 0
configure:2932: /home/apps/android-sdk/ndk/20.1.5948944/toolchains/llvm/prebuilt/linux-x86_64/bin/armv7a-linux-androideabi21-clang -V >&5
clang: error: argument to '-V' is missing (expected 1 value)
clang: error: no input files
configure:2943: $? = 1
configure:2932: /home/apps/android-sdk/ndk/20.1.5948944/toolchains/llvm/prebuilt/linux-x86_64/bin/armv7a-linux-androideabi21-clang -qversion >&5
clang: error: unknown argument '-qversion', did you mean '--version'?
clang: error: no input files
configure:2943: $? = 1
configure:2963: checking whether the C compiler works
configure:2985: /home/apps/android-sdk/ndk/20.1.5948944/toolchains/llvm/prebuilt/linux-x86_64/bin/armv7a-linux-androideabi21-clang -I../SDL2-2.0.16/include  -L../SDL2-2.0.16/build/android/lib/armeabi-v7a conftest.c  >&5
configure:2989: $? = 0
configure:3037: result: yes
configure:3040: checking for C compiler default output file name
configure:3042: result: a.out
configure:3048: checking for suffix of executables
configure:3055: /home/apps/android-sdk/ndk/20.1.5948944/toolchains/llvm/prebuilt/linux-x86_64/bin/armv7a-linux-androideabi21-clang -o conftest -I../SDL2-2.0.16/include  -L../SDL2-2.0.16/build/android/lib/armeabi-v7a conftest.c  >&5
configure:3059: $? = 0
configure:3081: result: 
configure:3103: checking whether we are cross compiling
configure:3111: /home/apps/android-sdk/ndk/20.1.5948944/toolchains/llvm/prebuilt/linux-x86_64/bin/armv7a-linux-androideabi21-clang -o conftest -I../SDL2-2.0.16/include  -L../SDL2-2.0.16/build/android/lib/armeabi-v7a conftest.c  >&5
configure:3115: $? = 0
configure:3122: ./conftest
./configure: line 3124: ./conftest: cannot execute binary file: Exec format error
configure:3126: $? = 126
configure:3141: result: yes
configure:3146: checking for suffix of object files
configure:3168: /home/apps/android-sdk/ndk/20.1.5948944/toolchains/llvm/prebuilt/linux-x86_64/bin/armv7a-linux-androideabi21-clang -c -I../SDL2-2.0.16/include  conftest.c >&5
configure:3172: $? = 0
configure:3193: result: o
configure:3197: checking whether we are using the GNU C compiler
configure:3216: /home/apps/android-sdk/ndk/20.1.5948944/toolchains/llvm/prebuilt/linux-x86_64/bin/armv7a-linux-androideabi21-clang -c -I../SDL2-2.0.16/include  conftest.c >&5
configure:3216: $? = 0
configure:3225: result: yes
configure:3234: checking whether /home/apps/android-sdk/ndk/20.1.5948944/toolchains/llvm/prebuilt/linux-x86_64/bin/armv7a-linux-androideabi21-clang accepts -g
configure:3254: /home/apps/android-sdk/ndk/20.1.5948944/toolchains/llvm/prebuilt/linux-x86_64/bin/armv7a-linux-androideabi21-clang -c -g  conftest.c >&5
configure:3254: $? = 0
configure:3295: result: yes
configure:3312: checking for /home/apps/android-sdk/ndk/20.1.5948944/toolchains/llvm/prebuilt/linux-x86_64/bin/armv7a-linux-androideabi21-clang option to accept ISO C89
configure:3375: /home/apps/android-sdk/ndk/20.1.5948944/toolchains/llvm/prebuilt/linux-x86_64/bin/armv7a-linux-androideabi21-clang  -c -I../SDL2-2.0.16/include  conftest.c >&5
configure:3375: $? = 0
configure:3388: result: none needed
configure:3413: checking whether /home/apps/android-sdk/ndk/20.1.5948944/toolchains/llvm/prebuilt/linux-x86_64/bin/armv7a-linux-androideabi21-clang understands -c and -o together
configure:3435: /home/apps/android-sdk/ndk/20.1.5948944/toolchains/llvm/prebuilt/linux-x86_64/bin/armv7a-linux-androideabi21-clang -c conftest.c -o conftest2.o
configure:3438: $? = 0
configure:3435: /home/apps/android-sdk/ndk/20.1.5948944/toolchains/llvm/prebuilt/linux-x86_64/bin/armv7a-linux-androideabi21-clang -c conftest.c -o conftest2.o
configure:3438: $? = 0
configure:3450: result: yes
configure:3467: checking for a sed that does not truncate output
configure:3531: result: /usr/bin/sed
configure:3549: checking for grep that handles long lines and -e
configure:3607: result: /usr/bin/grep
configure:3612: checking for egrep
configure:3674: result: /usr/bin/grep -E
configure:3679: checking for fgrep
configure:3741: result: /usr/bin/grep -F
configure:3776: checking for ld used by /home/apps/android-sdk/ndk/20.1.5948944/toolchains/llvm/prebuilt/linux-x86_64/bin/armv7a-linux-androideabi21-clang
configure:3843: result: /home/apps/android-sdk/ndk/20.1.5948944/toolchains/llvm/prebuilt/linux-x86_64/bin/ld
configure:3850: checking if the linker (/home/apps/android-sdk/ndk/20.1.5948944/toolchains/llvm/prebuilt/linux-x86_64/bin/ld) is GNU ld
configure:3865: result: no
configure:3877: checking for BSD- or MS-compatible name lister (nm)
configure:3926: result: no
configure:3937: checking for armv7a-linux-androideabi-dumpbin
configure:3967: result: no
configure:3937: checking for armv7a-linux-androideabi-link
configure:3967: result: no
configure:3981: checking for dumpbin
configure:4011: result: no
configure:3981: checking for link
configure:3997: found /usr/bin/link
configure:4008: result: link -dump -symbols
configure:4024: WARNING: using cross tools not prefixed with host triplet
configure:4044: checking the name lister (link -dump -symbols) interface
configure:4051: /home/apps/android-sdk/ndk/20.1.5948944/toolchains/llvm/prebuilt/linux-x86_64/bin/armv7a-linux-androideabi21-clang -c -I../SDL2-2.0.16/include  conftest.c >&5
configure:4054: link -dump -symbols "conftest.o"
link: invalid option -- 'd'
Try 'link --help' for more information.
configure:4057: output
configure:4064: result: BSD nm
configure:4067: checking whether ln -s works
configure:4071: result: yes
configure:4079: checking the maximum length of command line arguments
configure:4205: result: 1572864
configure:4222: checking whether the shell understands some XSI constructs
configure:4232: result: yes
configure:4236: checking whether the shell understands "+="
configure:4242: result: yes
configure:4277: checking for /home/apps/android-sdk/ndk/20.1.5948944/toolchains/llvm/prebuilt/linux-x86_64/bin/ld option to reload object files
configure:4284: result: -r
configure:4313: checking for armv7a-linux-androideabi-objdump
configure:4343: result: no
configure:4353: checking for objdump
configure:4369: found /usr/bin/objdump
configure:4380: result: objdump
configure:4409: checking how to recognize dependent libraries
configure:4607: result: pass_all
configure:4627: checking for armv7a-linux-androideabi-ar
configure:4654: result: /home/apps/android-sdk/ndk/20.1.5948944/toolchains/llvm/prebuilt/linux-x86_64/bin/llvm-ar
configure:4732: checking for armv7a-linux-androideabi-strip
configure:4759: result: /home/apps/android-sdk/ndk/20.1.5948944/toolchains/llvm/prebuilt/linux-x86_64/bin/llvm-strip
configure:4831: checking for armv7a-linux-androideabi-ranlib
configure:4858: result: /home/apps/android-sdk/ndk/20.1.5948944/toolchains/llvm/prebuilt/linux-x86_64/bin/arm-linux-androideabi-ranlib
configure:4988: checking command to parse link -dump -symbols output from /home/apps/android-sdk/ndk/20.1.5948944/toolchains/llvm/prebuilt/linux-x86_64/bin/armv7a-linux-androideabi21-clang object
configure:5106: /home/apps/android-sdk/ndk/20.1.5948944/toolchains/llvm/prebuilt/linux-x86_64/bin/armv7a-linux-androideabi21-clang -c -I../SDL2-2.0.16/include  conftest.c >&5
configure:5109: $? = 0
configure:5113: link -dump -symbols conftest.o \| sed -n -e 's/^.*[	 ]\([BCDEGRST][BCDEGRST]*\)[	 ][	 ]*\([_A-Za-z][_A-Za-z0-9]*\)$/\1 \2 \2/p' \> conftest.nm
link: invalid option -- 'd'
Try 'link --help' for more information.
configure:5116: $? = 0
cannot run sed -n -e 's/^.*[	 ]\([BCDEGRST][BCDEGRST]*\)[	 ][	 ]*\([_A-Za-z][_A-Za-z0-9]*\)$/\1 \2 \2/p'
configure:5106: /home/apps/android-sdk/ndk/20.1.5948944/toolchains/llvm/prebuilt/linux-x86_64/bin/armv7a-linux-androideabi21-clang -c -I../SDL2-2.0.16/include  conftest.c >&5
configure:5109: $? = 0
configure:5113: link -dump -symbols conftest.o \| sed -n -e 's/^.*[	 ]\([BCDEGRST][BCDEGRST]*\)[	 ][	 ]*_\([_A-Za-z][_A-Za-z0-9]*\)$/\1 _\2 \2/p' \> conftest.nm
link: invalid option -- 'd'
Try 'link --help' for more information.
configure:5116: $? = 0
cannot run sed -n -e 's/^.*[	 ]\([BCDEGRST][BCDEGRST]*\)[	 ][	 ]*_\([_A-Za-z][_A-Za-z0-9]*\)$/\1 _\2 \2/p'
configure:5208: result: failed
configure:6023: checking how to run the C preprocessor
configure:6054: /home/apps/android-sdk/ndk/20.1.5948944/toolchains/llvm/prebuilt/linux-x86_64/bin/armv7a-linux-androideabi21-clang -E  conftest.c
configure:6054: $? = 0
configure:6068: /home/apps/android-sdk/ndk/20.1.5948944/toolchains/llvm/prebuilt/linux-x86_64/bin/armv7a-linux-androideabi21-clang -E  conftest.c
conftest.c:9:10: fatal error: 'ac_nonexistent.h' file not found
#include <ac_nonexistent.h>
         ^~~~~~~~~~~~~~~~~~
1 error generated.
configure:6068: $? = 1
configure: failed program was:
| /* confdefs.h */
| #define PACKAGE_NAME ""
| #define PACKAGE_TARNAME ""
| #define PACKAGE_VERSION ""
| #define PACKAGE_STRING ""
| #define PACKAGE_BUGREPORT ""
| #define PACKAGE_URL ""
| /* end confdefs.h.  */
| #include <ac_nonexistent.h>
configure:6093: result: /home/apps/android-sdk/ndk/20.1.5948944/toolchains/llvm/prebuilt/linux-x86_64/bin/armv7a-linux-androideabi21-clang -E
configure:6113: /home/apps/android-sdk/ndk/20.1.5948944/toolchains/llvm/prebuilt/linux-x86_64/bin/armv7a-linux-androideabi21-clang -E  conftest.c
configure:6113: $? = 0
configure:6127: /home/apps/android-sdk/ndk/20.1.5948944/toolchains/llvm/prebuilt/linux-x86_64/bin/armv7a-linux-androideabi21-clang -E  conftest.c
conftest.c:9:10: fatal error: 'ac_nonexistent.h' file not found
#include <ac_nonexistent.h>
         ^~~~~~~~~~~~~~~~~~
1 error generated.
configure:6127: $? = 1
configure: failed program was:
| /* confdefs.h */
| #define PACKAGE_NAME ""
| #define PACKAGE_TARNAME ""
| #define PACKAGE_VERSION ""
| #define PACKAGE_STRING ""
| #define PACKAGE_BUGREPORT ""
| #define PACKAGE_URL ""
| /* end confdefs.h.  */
| #include <ac_nonexistent.h>
configure:6156: checking for ANSI C header files
configure:6176: /home/apps/android-sdk/ndk/20.1.5948944/toolchains/llvm/prebuilt/linux-x86_64/bin/armv7a-linux-androideabi21-clang -c -I../SDL2-2.0.16/include  conftest.c >&5
configure:6176: $? = 0
configure:6260: result: yes
configure:6273: checking for sys/types.h
configure:6273: /home/apps/android-sdk/ndk/20.1.5948944/toolchains/llvm/prebuilt/linux-x86_64/bin/armv7a-linux-androideabi21-clang -c -I../SDL2-2.0.16/include  conftest.c >&5
configure:6273: $? = 0
configure:6273: result: yes
configure:6273: checking for sys/stat.h
configure:6273: /home/apps/android-sdk/ndk/20.1.5948944/toolchains/llvm/prebuilt/linux-x86_64/bin/armv7a-linux-androideabi21-clang -c -I../SDL2-2.0.16/include  conftest.c >&5
configure:6273: $? = 0
configure:6273: result: yes
configure:6273: checking for stdlib.h
configure:6273: /home/apps/android-sdk/ndk/20.1.5948944/toolchains/llvm/prebuilt/linux-x86_64/bin/armv7a-linux-androideabi21-clang -c -I../SDL2-2.0.16/include  conftest.c >&5
configure:6273: $? = 0
configure:6273: result: yes
configure:6273: checking for string.h
configure:6273: /home/apps/android-sdk/ndk/20.1.5948944/toolchains/llvm/prebuilt/linux-x86_64/bin/armv7a-linux-androideabi21-clang -c -I../SDL2-2.0.16/include  conftest.c >&5
configure:6273: $? = 0
configure:6273: result: yes
configure:6273: checking for memory.h
configure:6273: /home/apps/android-sdk/ndk/20.1.5948944/toolchains/llvm/prebuilt/linux-x86_64/bin/armv7a-linux-androideabi21-clang -c -I../SDL2-2.0.16/include  conftest.c >&5
configure:6273: $? = 0
configure:6273: result: yes
configure:6273: checking for strings.h
configure:6273: /home/apps/android-sdk/ndk/20.1.5948944/toolchains/llvm/prebuilt/linux-x86_64/bin/armv7a-linux-androideabi21-clang -c -I../SDL2-2.0.16/include  conftest.c >&5
configure:6273: $? = 0
configure:6273: result: yes
configure:6273: checking for inttypes.h
configure:6273: /home/apps/android-sdk/ndk/20.1.5948944/toolchains/llvm/prebuilt/linux-x86_64/bin/armv7a-linux-androideabi21-clang -c -I../SDL2-2.0.16/include  conftest.c >&5
configure:6273: $? = 0
configure:6273: result: yes
configure:6273: checking for stdint.h
configure:6273: /home/apps/android-sdk/ndk/20.1.5948944/toolchains/llvm/prebuilt/linux-x86_64/bin/armv7a-linux-androideabi21-clang -c -I../SDL2-2.0.16/include  conftest.c >&5
configure:6273: $? = 0
configure:6273: result: yes
configure:6273: checking for unistd.h
configure:6273: /home/apps/android-sdk/ndk/20.1.5948944/toolchains/llvm/prebuilt/linux-x86_64/bin/armv7a-linux-androideabi21-clang -c -I../SDL2-2.0.16/include  conftest.c >&5
configure:6273: $? = 0
configure:6273: result: yes
configure:6287: checking for dlfcn.h
configure:6287: /home/apps/android-sdk/ndk/20.1.5948944/toolchains/llvm/prebuilt/linux-x86_64/bin/armv7a-linux-androideabi21-clang -c -I../SDL2-2.0.16/include  conftest.c >&5
configure:6287: $? = 0
configure:6287: result: yes
configure:6769: checking for objdir
configure:6784: result: .libs
configure:7080: checking if /home/apps/android-sdk/ndk/20.1.5948944/toolchains/llvm/prebuilt/linux-x86_64/bin/armv7a-linux-androideabi21-clang supports -fno-rtti -fno-exceptions
configure:7098: /home/apps/android-sdk/ndk/20.1.5948944/toolchains/llvm/prebuilt/linux-x86_64/bin/armv7a-linux-androideabi21-clang -c -I../SDL2-2.0.16/include  -fno-rtti -fno-exceptions conftest.c >&5
configure:7102: $? = 0
configure:7115: result: yes
configure:7135: checking for /home/apps/android-sdk/ndk/20.1.5948944/toolchains/llvm/prebuilt/linux-x86_64/bin/armv7a-linux-androideabi21-clang option to produce PIC
configure:7407: result: -fPIC -DPIC
configure:7419: checking if /home/apps/android-sdk/ndk/20.1.5948944/toolchains/llvm/prebuilt/linux-x86_64/bin/armv7a-linux-androideabi21-clang PIC flag -fPIC -DPIC works
configure:7437: /home/apps/android-sdk/ndk/20.1.5948944/toolchains/llvm/prebuilt/linux-x86_64/bin/armv7a-linux-androideabi21-clang -c -I../SDL2-2.0.16/include  -fPIC -DPIC -DPIC conftest.c >&5
configure:7441: $? = 0
configure:7454: result: yes
configure:7478: checking if /home/apps/android-sdk/ndk/20.1.5948944/toolchains/llvm/prebuilt/linux-x86_64/bin/armv7a-linux-androideabi21-clang static flag -static works
configure:7506: result: yes
configure:7521: checking if /home/apps/android-sdk/ndk/20.1.5948944/toolchains/llvm/prebuilt/linux-x86_64/bin/armv7a-linux-androideabi21-clang supports -c -o file.o
configure:7542: /home/apps/android-sdk/ndk/20.1.5948944/toolchains/llvm/prebuilt/linux-x86_64/bin/armv7a-linux-androideabi21-clang -c -I../SDL2-2.0.16/include  -o out/conftest2.o conftest.c >&5
configure:7546: $? = 0
configure:7568: result: yes
configure:7576: checking if /home/apps/android-sdk/ndk/20.1.5948944/toolchains/llvm/prebuilt/linux-x86_64/bin/armv7a-linux-androideabi21-clang supports -c -o file.o
configure:7623: result: yes
configure:7656: checking whether the /home/apps/android-sdk/ndk/20.1.5948944/toolchains/llvm/prebuilt/linux-x86_64/bin/armv7a-linux-androideabi21-clang linker (/home/apps/android-sdk/ndk/20.1.5948944/toolchains/llvm/prebuilt/linux-x86_64/bin/ld) supports shared libraries
configure:8642: result: no
configure:8881: checking dynamic linker characteristics
configure:9316: /home/apps/android-sdk/ndk/20.1.5948944/toolchains/llvm/prebuilt/linux-x86_64/bin/armv7a-linux-androideabi21-clang -o conftest -I../SDL2-2.0.16/include  -L../SDL2-2.0.16/build/android/lib/armeabi-v7a  conftest.c  >&5
configure:9316: $? = 0
configure:9534: result: GNU/Linux ld.so
configure:9636: checking how to hardcode library paths into programs
configure:9661: result: unsupported
configure:10181: checking whether stripping libraries is possible
configure:10203: result: no
configure:10221: checking if libtool supports shared libraries
configure:10223: result: no
configure:10226: checking whether to build shared libraries
configure:10247: result: no
configure:10250: checking whether to build static libraries
configure:10254: result: yes
configure:10318: checking for a BSD-compatible install
configure:10386: result: /usr/bin/install -c
configure:10397: checking whether build environment is sane
configure:10452: result: yes
configure:10508: checking for armv7a-linux-androideabi-strip
configure:10535: result: /home/apps/android-sdk/ndk/20.1.5948944/toolchains/llvm/prebuilt/linux-x86_64/bin/llvm-strip
configure:10600: checking for a thread-safe mkdir -p
configure:10639: result: /usr/bin/mkdir -p
configure:10646: checking for gawk
configure:10662: found /usr/bin/gawk
configure:10673: result: gawk
configure:10684: checking whether make sets $(MAKE)
configure:10706: result: yes
configure:10728: checking whether make supports the include directive
configure:10743: make -f confmf.GNU && cat confinc.out
this is the am__doit target
configure:10746: $? = 0
configure:10765: result: yes (GNU style)
configure:10798: checking whether make supports nested variables
configure:10815: result: yes
configure:10901: checking dependency style of /home/apps/android-sdk/ndk/20.1.5948944/toolchains/llvm/prebuilt/linux-x86_64/bin/armv7a-linux-androideabi21-clang
configure:11012: result: gcc3
configure:11080: checking for armv7a-linux-androideabi-gcc
configure:11107: result: /home/apps/android-sdk/ndk/20.1.5948944/toolchains/llvm/prebuilt/linux-x86_64/bin/armv7a-linux-androideabi21-clang
configure:11376: checking for C compiler version
configure:11385: /home/apps/android-sdk/ndk/20.1.5948944/toolchains/llvm/prebuilt/linux-x86_64/bin/armv7a-linux-androideabi21-clang --version >&5
Android (5220042 based on r346389c) clang version 8.0.7 (https://android.googlesource.com/toolchain/clang b55f2d4ebfd35bf643d27dbca1bb228957008617) (https://android.googlesource.com/toolchain/llvm 3c393fe7a7e13b0fba4ac75a01aa683d7a5b11cd) (based on LLVM 8.0.7svn)
Target: armv7a-unknown-linux-android21
Thread model: posix
InstalledDir: /home/apps/android-sdk/ndk/20.1.5948944/toolchains/llvm/prebuilt/linux-x86_64/bin
configure:11396: $? = 0
configure:11385: /home/apps/android-sdk/ndk/20.1.5948944/toolchains/llvm/prebuilt/linux-x86_64/bin/armv7a-linux-androideabi21-clang -v >&5
Android (5220042 based on r346389c) clang version 8.0.7 (https://android.googlesource.com/toolchain/clang b55f2d4ebfd35bf643d27dbca1bb228957008617) (https://android.googlesource.com/toolchain/llvm 3c393fe7a7e13b0fba4ac75a01aa683d7a5b11cd) (based on LLVM 8.0.7svn)
Target: armv7a-unknown-linux-android21
Thread model: posix
InstalledDir: /home/apps/android-sdk/ndk/20.1.5948944/toolchains/llvm/prebuilt/linux-x86_64/bin
Found candidate GCC installation: /home/apps/android-sdk/ndk/20.1.5948944/toolchains/llvm/prebuilt/linux-x86_64/bin/../lib/gcc/arm-linux-androideabi/4.9.x
Selected GCC installation: /home/apps/android-sdk/ndk/20.1.5948944/toolchains/llvm/prebuilt/linux-x86_64/bin/../lib/gcc/arm-linux-androideabi/4.9.x
Candidate multilib: thumb;@mthumb
Candidate multilib: armv7-a;@march=armv7-a
Candidate multilib: armv7-a/thumb;@march=armv7-a@mthumb
Candidate multilib: .;
... rest of stderr output deleted ...
configure:11396: $? = 0
configure:11385: /home/apps/android-sdk/ndk/20.1.5948944/toolchains/llvm/prebuilt/linux-x86_64/bin/armv7a-linux-androideabi21-clang -V >&5
clang: error: argument to '-V' is missing (expected 1 value)
clang: error: no input files
configure:11396: $? = 1
configure:11385: /home/apps/android-sdk/ndk/20.1.5948944/toolchains/llvm/prebuilt/linux-x86_64/bin/armv7a-linux-androideabi21-clang -qversion >&5
clang: error: unknown argument '-qversion', did you mean '--version'?
clang: error: no input files
configure:11396: $? = 1
configure:11400: checking whether we are using the GNU C compiler
configure:11428: result: yes
configure:11437: checking whether /home/apps/android-sdk/ndk/20.1.5948944/toolchains/llvm/prebuilt/linux-x86_64/bin/armv7a-linux-androideabi21-clang accepts -g
configure:11498: result: yes
configure:11515: checking for /home/apps/android-sdk/ndk/20.1.5948944/toolchains/llvm/prebuilt/linux-x86_64/bin/armv7a-linux-androideabi21-clang option to accept ISO C89
configure:11591: result: none needed
configure:11616: checking whether /home/apps/android-sdk/ndk/20.1.5948944/toolchains/llvm/prebuilt/linux-x86_64/bin/armv7a-linux-androideabi21-clang understands -c and -o together
configure:11653: result: yes
configure:11680: checking for armv7a-linux-androideabi-gcc
configure:11710: result: no
configure:11680: checking for armv7a-linux-androideabi-objcc
configure:11710: result: no
configure:11680: checking for armv7a-linux-androideabi-objc
configure:11710: result: no
configure:11680: checking for armv7a-linux-androideabi-cc
configure:11710: result: no
configure:11680: checking for armv7a-linux-androideabi-CC
configure:11710: result: no
configure:11724: checking for gcc
configure:11740: found /usr/bin/gcc
configure:11751: result: gcc
configure:11776: checking for Objective C compiler version
configure:11785: gcc --version >&5
gcc (Debian 10.2.1-6) 10.2.1 20210110
Copyright (C) 2020 Free Software Foundation, Inc.
This is free software; see the source for copying conditions.  There is NO
warranty; not even for MERCHANTABILITY or FITNESS FOR A PARTICULAR PURPOSE.

configure:11796: $? = 0
configure:11785: gcc -v >&5
Using built-in specs.
COLLECT_GCC=gcc
COLLECT_LTO_WRAPPER=/usr/lib/gcc/x86_64-linux-gnu/10/lto-wrapper
OFFLOAD_TARGET_NAMES=nvptx-none:amdgcn-amdhsa:hsa
OFFLOAD_TARGET_DEFAULT=1
Target: x86_64-linux-gnu
Configured with: ../src/configure -v --with-pkgversion='Debian 10.2.1-6' --with-bugurl=file:///usr/share/doc/gcc-10/README.Bugs --enable-languages=c,ada,c++,go,brig,d,fortran,objc,obj-c++,m2 --prefix=/usr --with-gcc-major-version-only --program-suffix=-10 --program-prefix=x86_64-linux-gnu- --enable-shared --enable-linker-build-id --libexecdir=/usr/lib --without-included-gettext --enable-threads=posix --libdir=/usr/lib --enable-nls --enable-bootstrap --enable-clocale=gnu --enable-libstdcxx-debug --enable-libstdcxx-time=yes --with-default-libstdcxx-abi=new --enable-gnu-unique-object --disable-vtable-verify --enable-plugin --enable-default-pie --with-system-zlib --enable-libphobos-checking=release --with-target-system-zlib=auto --enable-objc-gc=auto --enable-multiarch --disable-werror --with-arch-32=i686 --with-abi=m64 --with-multilib-list=m32,m64,mx32 --enable-multilib --with-tune=generic --enable-offload-targets=nvptx-none=/build/gcc-10-Km9U7s/gcc-10-10.2.1/debian/tmp-nvptx/usr,amdgcn-amdhsa=/build/gcc-10-Km9U7s/gcc-10-10.2.1/debian/tmp-gcn/usr,hsa --without-cuda-driver --enable-checking=release --build=x86_64-linux-gnu --host=x86_64-linux-gnu --target=x86_64-linux-gnu --with-build-config=bootstrap-lto-lean --enable-link-mutex
Thread model: posix
Supported LTO compression algorithms: zlib zstd
gcc version 10.2.1 20210110 (Debian 10.2.1-6) 
... rest of stderr output deleted ...
configure:11796: $? = 0
configure:11785: gcc -V >&5
gcc: error: unrecognized command-line option '-V'
gcc: fatal error: no input files
compilation terminated.
configure:11796: $? = 1
configure:11785: gcc -qversion >&5
gcc: error: unrecognized command-line option '-qversion'; did you mean '--version'?
gcc: fatal error: no input files
compilation terminated.
configure:11796: $? = 1
configure:11800: checking whether we are using the GNU Objective C compiler
configure:11819: gcc -c   conftest.m >&5
gcc: fatal error: cannot execute 'cc1obj': execvp: No such file or directory
compilation terminated.
configure:11819: $? = 1
configure: failed program was:
| /* confdefs.h */
| #define PACKAGE_NAME ""
| #define PACKAGE_TARNAME ""
| #define PACKAGE_VERSION ""
| #define PACKAGE_STRING ""
| #define PACKAGE_BUGREPORT ""
| #define PACKAGE_URL ""
| #define STDC_HEADERS 1
| #define HAVE_SYS_TYPES_H 1
| #define HAVE_SYS_STAT_H 1
| #define HAVE_STDLIB_H 1
| #define HAVE_STRING_H 1
| #define HAVE_MEMORY_H 1
| #define HAVE_STRINGS_H 1
| #define HAVE_INTTYPES_H 1
| #define HAVE_STDINT_H 1
| #define HAVE_UNISTD_H 1
| #define HAVE_DLFCN_H 1
| #define LT_OBJDIR ".libs/"
| #define PACKAGE "SDL2_image"
| #define VERSION "2.0.5"
| /* end confdefs.h.  */
| 
| int
| main ()
| {
| #ifndef __GNUC__
|        choke me
| #endif
| 
|   ;
|   return 0;
| }
configure:11828: result: no
configure:11837: checking whether gcc accepts -g
configure:11857: gcc -c -g  conftest.m >&5
gcc: fatal error: cannot execute 'cc1obj': execvp: No such file or directory
compilation terminated.
configure:11857: $? = 1
configure: failed program was:
| /* confdefs.h */
| #define PACKAGE_NAME ""
| #define PACKAGE_TARNAME ""
| #define PACKAGE_VERSION ""
| #define PACKAGE_STRING ""
| #define PACKAGE_BUGREPORT ""
| #define PACKAGE_URL ""
| #define STDC_HEADERS 1
| #define HAVE_SYS_TYPES_H 1
| #define HAVE_SYS_STAT_H 1
| #define HAVE_STDLIB_H 1
| #define HAVE_STRING_H 1
| #define HAVE_MEMORY_H 1
| #define HAVE_STRINGS_H 1
| #define HAVE_INTTYPES_H 1
| #define HAVE_STDINT_H 1
| #define HAVE_UNISTD_H 1
| #define HAVE_DLFCN_H 1
| #define LT_OBJDIR ".libs/"
| #define PACKAGE "SDL2_image"
| #define VERSION "2.0.5"
| /* end confdefs.h.  */
| 
| int
| main ()
| {
| 
|   ;
|   return 0;
| }
configure:11872: gcc -c   conftest.m >&5
gcc: fatal error: cannot execute 'cc1obj': execvp: No such file or directory
compilation terminated.
configure:11872: $? = 1
configure: failed program was:
| /* confdefs.h */
| #define PACKAGE_NAME ""
| #define PACKAGE_TARNAME ""
| #define PACKAGE_VERSION ""
| #define PACKAGE_STRING ""
| #define PACKAGE_BUGREPORT ""
| #define PACKAGE_URL ""
| #define STDC_HEADERS 1
| #define HAVE_SYS_TYPES_H 1
| #define HAVE_SYS_STAT_H 1
| #define HAVE_STDLIB_H 1
| #define HAVE_STRING_H 1
| #define HAVE_MEMORY_H 1
| #define HAVE_STRINGS_H 1
| #define HAVE_INTTYPES_H 1
| #define HAVE_STDINT_H 1
| #define HAVE_UNISTD_H 1
| #define HAVE_DLFCN_H 1
| #define LT_OBJDIR ".libs/"
| #define PACKAGE "SDL2_image"
| #define VERSION "2.0.5"
| /* end confdefs.h.  */
| 
| int
| main ()
| {
| 
|   ;
|   return 0;
| }
configure:11888: gcc -c -g  conftest.m >&5
gcc: fatal error: cannot execute 'cc1obj': execvp: No such file or directory
compilation terminated.
configure:11888: $? = 1
configure: failed program was:
| /* confdefs.h */
| #define PACKAGE_NAME ""
| #define PACKAGE_TARNAME ""
| #define PACKAGE_VERSION ""
| #define PACKAGE_STRING ""
| #define PACKAGE_BUGREPORT ""
| #define PACKAGE_URL ""
| #define STDC_HEADERS 1
| #define HAVE_SYS_TYPES_H 1
| #define HAVE_SYS_STAT_H 1
| #define HAVE_STDLIB_H 1
| #define HAVE_STRING_H 1
| #define HAVE_MEMORY_H 1
| #define HAVE_STRINGS_H 1
| #define HAVE_INTTYPES_H 1
| #define HAVE_STDINT_H 1
| #define HAVE_UNISTD_H 1
| #define HAVE_DLFCN_H 1
| #define LT_OBJDIR ".libs/"
| #define PACKAGE "SDL2_image"
| #define VERSION "2.0.5"
| /* end confdefs.h.  */
| 
| int
| main ()
| {
| 
|   ;
|   return 0;
| }
configure:11898: result: no
configure:11923: checking dependency style of gcc
configure:12032: result: gcc3
configure:12047: checking for inline
configure:12063: /home/apps/android-sdk/ndk/20.1.5948944/toolchains/llvm/prebuilt/linux-x86_64/bin/armv7a-linux-androideabi21-clang -c -I../SDL2-2.0.16/include  conftest.c >&5
configure:12063: $? = 0
configure:12071: result: inline
configure:12090: checking whether make sets $(MAKE)
configure:12112: result: yes
configure:12130: checking for windres
configure:12160: result: no
configure:12130: checking for armv7a-linux-androideabi-windres
configure:12160: result: no
configure:12130: checking for linux-androideabi-windres
configure:12160: result: no
configure:12252: checking for armv7a-linux-androideabi-pkg-config
configure:12285: result: no
configure:12295: checking for pkg-config
configure:12313: found /usr/bin/pkg-config
configure:12325: result: /usr/bin/pkg-config
configure:12350: checking pkg-config is at least version 0.9.0
configure:12353: result: yes
configure:12391: checking for SDL
configure:12399: $PKG_CONFIG --exists --print-errors "sdl2 >= $min_sdl_version"
configure:12402: $? = 0
configure:12417: $PKG_CONFIG --exists --print-errors "sdl2 >= $min_sdl_version"
configure:12420: $? = 0
configure:12456: result: yes
configure:12835: checking jpeglib.h usability
configure:12835: /home/apps/android-sdk/ndk/20.1.5948944/toolchains/llvm/prebuilt/linux-x86_64/bin/armv7a-linux-androideabi21-clang -c -I../SDL2-2.0.16/include -D_REENTRANT -I/usr/include/SDL2  conftest.c >&5
conftest.c:56:10: fatal error: 'jpeglib.h' file not found
#include <jpeglib.h>
         ^~~~~~~~~~~
1 error generated.
configure:12835: $? = 1
configure: failed program was:
| /* confdefs.h */
| #define PACKAGE_NAME ""
| #define PACKAGE_TARNAME ""
| #define PACKAGE_VERSION ""
| #define PACKAGE_STRING ""
| #define PACKAGE_BUGREPORT ""
| #define PACKAGE_URL ""
| #define STDC_HEADERS 1
| #define HAVE_SYS_TYPES_H 1
| #define HAVE_SYS_STAT_H 1
| #define HAVE_STDLIB_H 1
| #define HAVE_STRING_H 1
| #define HAVE_MEMORY_H 1
| #define HAVE_STRINGS_H 1
| #define HAVE_INTTYPES_H 1
| #define HAVE_STDINT_H 1
| #define HAVE_UNISTD_H 1
| #define HAVE_DLFCN_H 1
| #define LT_OBJDIR ".libs/"
| #define PACKAGE "SDL2_image"
| #define VERSION "2.0.5"
| /* end confdefs.h.  */
| #include <stdio.h>
| #ifdef HAVE_SYS_TYPES_H
| # include <sys/types.h>
| #endif
| #ifdef HAVE_SYS_STAT_H
| # include <sys/stat.h>
| #endif
| #ifdef STDC_HEADERS
| # include <stdlib.h>
| # include <stddef.h>
| #else
| # ifdef HAVE_STDLIB_H
| #  include <stdlib.h>
| # endif
| #endif
| #ifdef HAVE_STRING_H
| # if !defined STDC_HEADERS && defined HAVE_MEMORY_H
| #  include <memory.h>
| # endif
| # include <string.h>
| #endif
| #ifdef HAVE_STRINGS_H
| # include <strings.h>
| #endif
| #ifdef HAVE_INTTYPES_H
| # include <inttypes.h>
| #endif
| #ifdef HAVE_STDINT_H
| # include <stdint.h>
| #endif
| #ifdef HAVE_UNISTD_H
| # include <unistd.h>
| #endif
| #include <jpeglib.h>
configure:12835: result: no
configure:12835: checking jpeglib.h presence
configure:12835: /home/apps/android-sdk/ndk/20.1.5948944/toolchains/llvm/prebuilt/linux-x86_64/bin/armv7a-linux-androideabi21-clang -E  conftest.c
conftest.c:23:10: fatal error: 'jpeglib.h' file not found
#include <jpeglib.h>
         ^~~~~~~~~~~
1 error generated.
configure:12835: $? = 1
configure: failed program was:
| /* confdefs.h */
| #define PACKAGE_NAME ""
| #define PACKAGE_TARNAME ""
| #define PACKAGE_VERSION ""
| #define PACKAGE_STRING ""
| #define PACKAGE_BUGREPORT ""
| #define PACKAGE_URL ""
| #define STDC_HEADERS 1
| #define HAVE_SYS_TYPES_H 1
| #define HAVE_SYS_STAT_H 1
| #define HAVE_STDLIB_H 1
| #define HAVE_STRING_H 1
| #define HAVE_MEMORY_H 1
| #define HAVE_STRINGS_H 1
| #define HAVE_INTTYPES_H 1
| #define HAVE_STDINT_H 1
| #define HAVE_UNISTD_H 1
| #define HAVE_DLFCN_H 1
| #define LT_OBJDIR ".libs/"
| #define PACKAGE "SDL2_image"
| #define VERSION "2.0.5"
| /* end confdefs.h.  */
| #include <jpeglib.h>
configure:12835: result: no
configure:12835: checking for jpeglib.h
configure:12835: result: no
configure:12841: checking for jpeg_CreateDecompress in -ljpeg
configure:12866: /home/apps/android-sdk/ndk/20.1.5948944/toolchains/llvm/prebuilt/linux-x86_64/bin/armv7a-linux-androideabi21-clang -o conftest -I../SDL2-2.0.16/include -D_REENTRANT -I/usr/include/SDL2  -L../SDL2-2.0.16/build/android/lib/armeabi-v7a conftest.c -ljpeg   -lSDL2 >&5
/home/apps/android-sdk/ndk/20.1.5948944/toolchains/llvm/prebuilt/linux-x86_64/bin/../lib/gcc/arm-linux-androideabi/4.9.x/../../../../arm-linux-androideabi/bin/ld: error: cannot find -ljpeg
/tmp/conftest-fe976f.o:conftest.c:function main: error: undefined reference to 'jpeg_CreateDecompress'
clang: error: linker command failed with exit code 1 (use -v to see invocation)
configure:12866: $? = 1
configure: failed program was:
| /* confdefs.h */
| #define PACKAGE_NAME ""
| #define PACKAGE_TARNAME ""
| #define PACKAGE_VERSION ""
| #define PACKAGE_STRING ""
| #define PACKAGE_BUGREPORT ""
| #define PACKAGE_URL ""
| #define STDC_HEADERS 1
| #define HAVE_SYS_TYPES_H 1
| #define HAVE_SYS_STAT_H 1
| #define HAVE_STDLIB_H 1
| #define HAVE_STRING_H 1
| #define HAVE_MEMORY_H 1
| #define HAVE_STRINGS_H 1
| #define HAVE_INTTYPES_H 1
| #define HAVE_STDINT_H 1
| #define HAVE_UNISTD_H 1
| #define HAVE_DLFCN_H 1
| #define LT_OBJDIR ".libs/"
| #define PACKAGE "SDL2_image"
| #define VERSION "2.0.5"
| /* end confdefs.h.  */
| 
| /* Override any GCC internal prototype to avoid an error.
|    Use char because int might match the return type of a GCC
|    builtin and then its argument prototype would still apply.  */
| #ifdef __cplusplus
| extern "C"
| #endif
| char jpeg_CreateDecompress ();
| int
| main ()
| {
| return jpeg_CreateDecompress ();
|   ;
|   return 0;
| }
configure:12875: result: no
configure:12903: WARNING: *** Unable to find JPEG library (http://www.ijg.org/)
configure:12905: WARNING: JPG image loading disabled
configure:12913: checking for LIBPNG
configure:12921: $PKG_CONFIG --exists --print-errors "libpng"
configure:12924: $? = 0
configure:12939: $PKG_CONFIG --exists --print-errors "libpng"
configure:12942: $? = 0
configure:13082: result: yes
configure:13115: checking tiffio.h usability
configure:13115: /home/apps/android-sdk/ndk/20.1.5948944/toolchains/llvm/prebuilt/linux-x86_64/bin/armv7a-linux-androideabi21-clang -c -I../SDL2-2.0.16/include -D_REENTRANT -I/usr/include/SDL2  conftest.c >&5
conftest.c:57:10: fatal error: 'tiffio.h' file not found
#include <tiffio.h>
         ^~~~~~~~~~
1 error generated.
configure:13115: $? = 1
configure: failed program was:
| /* confdefs.h */
| #define PACKAGE_NAME ""
| #define PACKAGE_TARNAME ""
| #define PACKAGE_VERSION ""
| #define PACKAGE_STRING ""
| #define PACKAGE_BUGREPORT ""
| #define PACKAGE_URL ""
| #define STDC_HEADERS 1
| #define HAVE_SYS_TYPES_H 1
| #define HAVE_SYS_STAT_H 1
| #define HAVE_STDLIB_H 1
| #define HAVE_STRING_H 1
| #define HAVE_MEMORY_H 1
| #define HAVE_STRINGS_H 1
| #define HAVE_INTTYPES_H 1
| #define HAVE_STDINT_H 1
| #define HAVE_UNISTD_H 1
| #define HAVE_DLFCN_H 1
| #define LT_OBJDIR ".libs/"
| #define PACKAGE "SDL2_image"
| #define VERSION "2.0.5"
| #define LOAD_PNG 1
| /* end confdefs.h.  */
| #include <stdio.h>
| #ifdef HAVE_SYS_TYPES_H
| # include <sys/types.h>
| #endif
| #ifdef HAVE_SYS_STAT_H
| # include <sys/stat.h>
| #endif
| #ifdef STDC_HEADERS
| # include <stdlib.h>
| # include <stddef.h>
| #else
| # ifdef HAVE_STDLIB_H
| #  include <stdlib.h>
| # endif
| #endif
| #ifdef HAVE_STRING_H
| # if !defined STDC_HEADERS && defined HAVE_MEMORY_H
| #  include <memory.h>
| # endif
| # include <string.h>
| #endif
| #ifdef HAVE_STRINGS_H
| # include <strings.h>
| #endif
| #ifdef HAVE_INTTYPES_H
| # include <inttypes.h>
| #endif
| #ifdef HAVE_STDINT_H
| # include <stdint.h>
| #endif
| #ifdef HAVE_UNISTD_H
| # include <unistd.h>
| #endif
| #include <tiffio.h>
configure:13115: result: no
configure:13115: checking tiffio.h presence
configure:13115: /home/apps/android-sdk/ndk/20.1.5948944/toolchains/llvm/prebuilt/linux-x86_64/bin/armv7a-linux-androideabi21-clang -E  conftest.c
conftest.c:24:10: fatal error: 'tiffio.h' file not found
#include <tiffio.h>
         ^~~~~~~~~~
1 error generated.
configure:13115: $? = 1
configure: failed program was:
| /* confdefs.h */
| #define PACKAGE_NAME ""
| #define PACKAGE_TARNAME ""
| #define PACKAGE_VERSION ""
| #define PACKAGE_STRING ""
| #define PACKAGE_BUGREPORT ""
| #define PACKAGE_URL ""
| #define STDC_HEADERS 1
| #define HAVE_SYS_TYPES_H 1
| #define HAVE_SYS_STAT_H 1
| #define HAVE_STDLIB_H 1
| #define HAVE_STRING_H 1
| #define HAVE_MEMORY_H 1
| #define HAVE_STRINGS_H 1
| #define HAVE_INTTYPES_H 1
| #define HAVE_STDINT_H 1
| #define HAVE_UNISTD_H 1
| #define HAVE_DLFCN_H 1
| #define LT_OBJDIR ".libs/"
| #define PACKAGE "SDL2_image"
| #define VERSION "2.0.5"
| #define LOAD_PNG 1
| /* end confdefs.h.  */
| #include <tiffio.h>
configure:13115: result: no
configure:13115: checking for tiffio.h
configure:13115: result: no
configure:13121: checking for TIFFClientOpen in -ltiff
configure:13146: /home/apps/android-sdk/ndk/20.1.5948944/toolchains/llvm/prebuilt/linux-x86_64/bin/armv7a-linux-androideabi21-clang -o conftest -I../SDL2-2.0.16/include -D_REENTRANT -I/usr/include/SDL2  -L../SDL2-2.0.16/build/android/lib/armeabi-v7a conftest.c -ltiff -lz  -lSDL2 >&5
/home/apps/android-sdk/ndk/20.1.5948944/toolchains/llvm/prebuilt/linux-x86_64/bin/../lib/gcc/arm-linux-androideabi/4.9.x/../../../../arm-linux-androideabi/bin/ld: error: cannot find -ltiff
/tmp/conftest-76b6ed.o:conftest.c:function main: error: undefined reference to 'TIFFClientOpen'
clang: error: linker command failed with exit code 1 (use -v to see invocation)
configure:13146: $? = 1
configure: failed program was:
| /* confdefs.h */
| #define PACKAGE_NAME ""
| #define PACKAGE_TARNAME ""
| #define PACKAGE_VERSION ""
| #define PACKAGE_STRING ""
| #define PACKAGE_BUGREPORT ""
| #define PACKAGE_URL ""
| #define STDC_HEADERS 1
| #define HAVE_SYS_TYPES_H 1
| #define HAVE_SYS_STAT_H 1
| #define HAVE_STDLIB_H 1
| #define HAVE_STRING_H 1
| #define HAVE_MEMORY_H 1
| #define HAVE_STRINGS_H 1
| #define HAVE_INTTYPES_H 1
| #define HAVE_STDINT_H 1
| #define HAVE_UNISTD_H 1
| #define HAVE_DLFCN_H 1
| #define LT_OBJDIR ".libs/"
| #define PACKAGE "SDL2_image"
| #define VERSION "2.0.5"
| #define LOAD_PNG 1
| /* end confdefs.h.  */
| 
| /* Override any GCC internal prototype to avoid an error.
|    Use char because int might match the return type of a GCC
|    builtin and then its argument prototype would still apply.  */
| #ifdef __cplusplus
| extern "C"
| #endif
| char TIFFClientOpen ();
| int
| main ()
| {
| return TIFFClientOpen ();
|   ;
|   return 0;
| }
configure:13155: result: no
configure:13180: WARNING: *** Unable to find Tiff library (http://www.remotesensing.org/libtiff/)
configure:13182: WARNING: TIF image loading disabled
configure:13190: checking for LIBWEBP
configure:13198: $PKG_CONFIG --exists --print-errors "libwebp"
Package libwebp was not found in the pkg-config search path.
Perhaps you should add the directory containing `libwebp.pc'
to the PKG_CONFIG_PATH environment variable
No package 'libwebp' found
configure:13201: $? = 1
configure:13216: $PKG_CONFIG --exists --print-errors "libwebp"
Package libwebp was not found in the pkg-config search path.
Perhaps you should add the directory containing `libwebp.pc'
to the PKG_CONFIG_PATH environment variable
No package 'libwebp' found
configure:13219: $? = 1
No package 'libwebp' found
configure:13247: result: no
configure:13249: checking webp/decode.h usability
configure:13249: /home/apps/android-sdk/ndk/20.1.5948944/toolchains/llvm/prebuilt/linux-x86_64/bin/armv7a-linux-androideabi21-clang -c -I../SDL2-2.0.16/include -D_REENTRANT -I/usr/include/SDL2  conftest.c >&5
conftest.c:57:10: fatal error: 'webp/decode.h' file not found
#include <webp/decode.h>
         ^~~~~~~~~~~~~~~
1 error generated.
configure:13249: $? = 1
configure: failed program was:
| /* confdefs.h */
| #define PACKAGE_NAME ""
| #define PACKAGE_TARNAME ""
| #define PACKAGE_VERSION ""
| #define PACKAGE_STRING ""
| #define PACKAGE_BUGREPORT ""
| #define PACKAGE_URL ""
| #define STDC_HEADERS 1
| #define HAVE_SYS_TYPES_H 1
| #define HAVE_SYS_STAT_H 1
| #define HAVE_STDLIB_H 1
| #define HAVE_STRING_H 1
| #define HAVE_MEMORY_H 1
| #define HAVE_STRINGS_H 1
| #define HAVE_INTTYPES_H 1
| #define HAVE_STDINT_H 1
| #define HAVE_UNISTD_H 1
| #define HAVE_DLFCN_H 1
| #define LT_OBJDIR ".libs/"
| #define PACKAGE "SDL2_image"
| #define VERSION "2.0.5"
| #define LOAD_PNG 1
| /* end confdefs.h.  */
| #include <stdio.h>
| #ifdef HAVE_SYS_TYPES_H
| # include <sys/types.h>
| #endif
| #ifdef HAVE_SYS_STAT_H
| # include <sys/stat.h>
| #endif
| #ifdef STDC_HEADERS
| # include <stdlib.h>
| # include <stddef.h>
| #else
| # ifdef HAVE_STDLIB_H
| #  include <stdlib.h>
| # endif
| #endif
| #ifdef HAVE_STRING_H
| # if !defined STDC_HEADERS && defined HAVE_MEMORY_H
| #  include <memory.h>
| # endif
| # include <string.h>
| #endif
| #ifdef HAVE_STRINGS_H
| # include <strings.h>
| #endif
| #ifdef HAVE_INTTYPES_H
| # include <inttypes.h>
| #endif
| #ifdef HAVE_STDINT_H
| # include <stdint.h>
| #endif
| #ifdef HAVE_UNISTD_H
| # include <unistd.h>
| #endif
| #include <webp/decode.h>
configure:13249: result: no
configure:13249: checking webp/decode.h presence
configure:13249: /home/apps/android-sdk/ndk/20.1.5948944/toolchains/llvm/prebuilt/linux-x86_64/bin/armv7a-linux-androideabi21-clang -E  conftest.c
conftest.c:24:10: fatal error: 'webp/decode.h' file not found
#include <webp/decode.h>
         ^~~~~~~~~~~~~~~
1 error generated.
configure:13249: $? = 1
configure: failed program was:
| /* confdefs.h */
| #define PACKAGE_NAME ""
| #define PACKAGE_TARNAME ""
| #define PACKAGE_VERSION ""
| #define PACKAGE_STRING ""
| #define PACKAGE_BUGREPORT ""
| #define PACKAGE_URL ""
| #define STDC_HEADERS 1
| #define HAVE_SYS_TYPES_H 1
| #define HAVE_SYS_STAT_H 1
| #define HAVE_STDLIB_H 1
| #define HAVE_STRING_H 1
| #define HAVE_MEMORY_H 1
| #define HAVE_STRINGS_H 1
| #define HAVE_INTTYPES_H 1
| #define HAVE_STDINT_H 1
| #define HAVE_UNISTD_H 1
| #define HAVE_DLFCN_H 1
| #define LT_OBJDIR ".libs/"
| #define PACKAGE "SDL2_image"
| #define VERSION "2.0.5"
| #define LOAD_PNG 1
| /* end confdefs.h.  */
| #include <webp/decode.h>
configure:13249: result: no
configure:13249: checking for webp/decode.h
configure:13249: result: no
configure:13258: checking for WebPGetDecoderVersion in -lwebp
configure:13283: /home/apps/android-sdk/ndk/20.1.5948944/toolchains/llvm/prebuilt/linux-x86_64/bin/armv7a-linux-androideabi21-clang -o conftest -I../SDL2-2.0.16/include -D_REENTRANT -I/usr/include/SDL2  -L../SDL2-2.0.16/build/android/lib/armeabi-v7a conftest.c -lwebp -lm  -lSDL2 >&5
/home/apps/android-sdk/ndk/20.1.5948944/toolchains/llvm/prebuilt/linux-x86_64/bin/../lib/gcc/arm-linux-androideabi/4.9.x/../../../../arm-linux-androideabi/bin/ld: error: cannot find -lwebp
/tmp/conftest-77be55.o:conftest.c:function main: error: undefined reference to 'WebPGetDecoderVersion'
clang: error: linker command failed with exit code 1 (use -v to see invocation)
configure:13283: $? = 1
configure: failed program was:
| /* confdefs.h */
| #define PACKAGE_NAME ""
| #define PACKAGE_TARNAME ""
| #define PACKAGE_VERSION ""
| #define PACKAGE_STRING ""
| #define PACKAGE_BUGREPORT ""
| #define PACKAGE_URL ""
| #define STDC_HEADERS 1
| #define HAVE_SYS_TYPES_H 1
| #define HAVE_SYS_STAT_H 1
| #define HAVE_STDLIB_H 1
| #define HAVE_STRING_H 1
| #define HAVE_MEMORY_H 1
| #define HAVE_STRINGS_H 1
| #define HAVE_INTTYPES_H 1
| #define HAVE_STDINT_H 1
| #define HAVE_UNISTD_H 1
| #define HAVE_DLFCN_H 1
| #define LT_OBJDIR ".libs/"
| #define PACKAGE "SDL2_image"
| #define VERSION "2.0.5"
| #define LOAD_PNG 1
| /* end confdefs.h.  */
| 
| /* Override any GCC internal prototype to avoid an error.
|    Use char because int might match the return type of a GCC
|    builtin and then its argument prototype would still apply.  */
| #ifdef __cplusplus
| extern "C"
| #endif
| char WebPGetDecoderVersion ();
| int
| main ()
| {
| return WebPGetDecoderVersion ();
|   ;
|   return 0;
| }
configure:13292: result: no
configure:13384: WARNING: *** Unable to find WEBP library (http://code.google.com/intl/en-US/speed/webp/index.html)
configure:13386: WARNING: WEBP Pimage loading disabled
configure:13640: checking that generated files are newer than configure
configure:13646: result: done
configure:13681: creating ./config.status

## ---------------------- ##
## Running config.status. ##
## ---------------------- ##

This file was extended by config.status, which was
generated by GNU Autoconf 2.69.  Invocation command line was

  CONFIG_FILES    = 
  CONFIG_HEADERS  = 
  CONFIG_LINKS    = 
  CONFIG_COMMANDS = 
  $ ./config.status 

on debian-gb2

config.status:1020: creating Makefile
config.status:1020: creating SDL2_image.spec
config.status:1020: creating SDL2_image.pc
config.status:1192: executing libtool commands
config.status:1192: executing depfiles commands
config.status:1910: cd .       && sed -e '/# am--include-marker/d' Makefile         | make -f - am--depfiles
make: Nothing to be done for 'am--depfiles'.
config.status:1915: $? = 0

## ---------------- ##
## Cache variables. ##
## ---------------- ##

ac_cv_build=x86_64-pc-linux-gnu
ac_cv_c_compiler_gnu=yes
ac_cv_c_inline=inline
ac_cv_env_CC_set=set
ac_cv_env_CC_value=/home/apps/android-sdk/ndk/20.1.5948944/toolchains/llvm/prebuilt/linux-x86_64/bin/armv7a-linux-androideabi21-clang
ac_cv_env_CFLAGS_set=set
ac_cv_env_CFLAGS_value=-I../SDL2-2.0.16/include
ac_cv_env_CPPFLAGS_set=
ac_cv_env_CPPFLAGS_value=
ac_cv_env_CPP_set=
ac_cv_env_CPP_value=
ac_cv_env_LDFLAGS_set=set
ac_cv_env_LDFLAGS_value=-L../SDL2-2.0.16/build/android/lib/armeabi-v7a
ac_cv_env_LIBPNG_CFLAGS_set=
ac_cv_env_LIBPNG_CFLAGS_value=
ac_cv_env_LIBPNG_LIBS_set=
ac_cv_env_LIBPNG_LIBS_value=
ac_cv_env_LIBS_set=
ac_cv_env_LIBS_value=
ac_cv_env_LIBWEBP_CFLAGS_set=
ac_cv_env_LIBWEBP_CFLAGS_value=
ac_cv_env_LIBWEBP_LIBS_set=
ac_cv_env_LIBWEBP_LIBS_value=
ac_cv_env_OBJCFLAGS_set=
ac_cv_env_OBJCFLAGS_value=
ac_cv_env_OBJC_set=
ac_cv_env_OBJC_value=
ac_cv_env_PKG_CONFIG_set=
ac_cv_env_PKG_CONFIG_value=
ac_cv_env_SDL_CFLAGS_set=
ac_cv_env_SDL_CFLAGS_value=
ac_cv_env_SDL_LIBS_set=
ac_cv_env_SDL_LIBS_value=
ac_cv_env_build_alias_set=
ac_cv_env_build_alias_value=
ac_cv_env_host_alias_set=set
ac_cv_env_host_alias_value=armv7a-linux-androideabi
ac_cv_env_target_alias_set=
ac_cv_env_target_alias_value=
ac_cv_header_dlfcn_h=yes
ac_cv_header_inttypes_h=yes
ac_cv_header_jpeglib_h=no
ac_cv_header_memory_h=yes
ac_cv_header_stdc=yes
ac_cv_header_stdint_h=yes
ac_cv_header_stdlib_h=yes
ac_cv_header_string_h=yes
ac_cv_header_strings_h=yes
ac_cv_header_sys_stat_h=yes
ac_cv_header_sys_types_h=yes
ac_cv_header_tiffio_h=no
ac_cv_header_unistd_h=yes
ac_cv_header_webp_decode_h=no
ac_cv_host=armv7a-unknown-linux-androideabi
ac_cv_lib_jpeg_jpeg_CreateDecompress=no
ac_cv_lib_tiff_TIFFClientOpen=no
ac_cv_lib_webp_WebPGetDecoderVersion=no
ac_cv_objc_compiler_gnu=no
ac_cv_objext=o
ac_cv_path_EGREP='/usr/bin/grep -E'
ac_cv_path_FGREP='/usr/bin/grep -F'
ac_cv_path_GREP=/usr/bin/grep
ac_cv_path_SED=/usr/bin/sed
ac_cv_path_ac_pt_PKG_CONFIG=/usr/bin/pkg-config
ac_cv_path_install='/usr/bin/install -c'
ac_cv_path_mkdir=/usr/bin/mkdir
ac_cv_prog_AR=/home/apps/android-sdk/ndk/20.1.5948944/toolchains/llvm/prebuilt/linux-x86_64/bin/llvm-ar
ac_cv_prog_AWK=gawk
ac_cv_prog_CC=/home/apps/android-sdk/ndk/20.1.5948944/toolchains/llvm/prebuilt/linux-x86_64/bin/armv7a-linux-androideabi21-clang
ac_cv_prog_CPP='/home/apps/android-sdk/ndk/20.1.5948944/toolchains/llvm/prebuilt/linux-x86_64/bin/armv7a-linux-androideabi21-clang -E'
ac_cv_prog_RANLIB=/home/apps/android-sdk/ndk/20.1.5948944/toolchains/llvm/prebuilt/linux-x86_64/bin/arm-linux-androideabi-ranlib
ac_cv_prog_STRIP=/home/apps/android-sdk/ndk/20.1.5948944/toolchains/llvm/prebuilt/linux-x86_64/bin/llvm-strip
ac_cv_prog_ac_ct_DUMPBIN='link -dump -symbols'
ac_cv_prog_ac_ct_OBJC=gcc
ac_cv_prog_ac_ct_OBJDUMP=objdump
ac_cv_prog_cc_c89=
ac_cv_prog_cc_g=yes
ac_cv_prog_make_make_set=yes
ac_cv_prog_objc_g=no
am_cv_CC_dependencies_compiler_type=gcc3
am_cv_OBJC_dependencies_compiler_type=gcc3
am_cv_make_support_nested_variables=yes
am_cv_prog_cc_c_o=yes
lt_cv_deplibs_check_method=pass_all
lt_cv_file_magic_cmd='$MAGIC_CMD'
lt_cv_file_magic_test_file=
lt_cv_ld_reload_flag=-r
lt_cv_nm_interface='BSD nm'
lt_cv_objdir=.libs
lt_cv_path_LD=/home/apps/android-sdk/ndk/20.1.5948944/toolchains/llvm/prebuilt/linux-x86_64/bin/ld
lt_cv_path_NM=no
lt_cv_prog_compiler_c_o=yes
lt_cv_prog_compiler_pic_works=yes
lt_cv_prog_compiler_rtti_exceptions=yes
lt_cv_prog_compiler_static_works=yes
lt_cv_prog_gnu_ld=no
lt_cv_sys_global_symbol_pipe=
lt_cv_sys_global_symbol_to_c_name_address='sed -n -e '\''s/^: \([^ ]*\) $/  {\"\1\", (void *) 0},/p'\'' -e '\''s/^[BCDEGRST]* \([^ ]*\) \([^ ]*\)$/  {"\2", (void *) \&\2},/p'\'''
lt_cv_sys_global_symbol_to_c_name_address_lib_prefix='sed -n -e '\''s/^: \([^ ]*\) $/  {\"\1\", (void *) 0},/p'\'' -e '\''s/^[BCDEGRST]* \([^ ]*\) \(lib[^ ]*\)$/  {"\2", (void *) \&\2},/p'\'' -e '\''s/^[BCDEGRST]* \([^ ]*\) \([^ ]*\)$/  {"lib\2", (void *) \&\2},/p'\'''
lt_cv_sys_global_symbol_to_cdecl=
lt_cv_sys_max_cmd_len=1572864
pkg_cv_LIBPNG_CFLAGS=-I/usr/include/libpng16
pkg_cv_LIBPNG_LIBS='-lpng16 -lz'
pkg_cv_SDL_CFLAGS='-D_REENTRANT -I/usr/include/SDL2'
pkg_cv_SDL_LIBS=-lSDL2

## ----------------- ##
## Output variables. ##
## ----------------- ##

ACLOCAL='${SHELL} /home/apps/sdl/SDL2_image-2.0.5/missing aclocal-1.16'
AMDEPBACKSLASH='\'
AMDEP_FALSE='#'
AMDEP_TRUE=''
AMTAR='$${TAR-tar}'
AM_BACKSLASH='\'
AM_DEFAULT_V='$(AM_DEFAULT_VERBOSITY)'
AM_DEFAULT_VERBOSITY='1'
AM_V='$(V)'
AR='/home/apps/android-sdk/ndk/20.1.5948944/toolchains/llvm/prebuilt/linux-x86_64/bin/llvm-ar'
AS='/home/apps/android-sdk/ndk/20.1.5948944/toolchains/llvm/prebuilt/linux-x86_64/bin/armv7a-linux-androideabi21-clang'
AUTOCONF='${SHELL} /home/apps/sdl/SDL2_image-2.0.5/missing autoconf'
AUTOHEADER='${SHELL} /home/apps/sdl/SDL2_image-2.0.5/missing autoheader'
AUTOMAKE='${SHELL} /home/apps/sdl/SDL2_image-2.0.5/missing automake-1.16'
AWK='gawk'
BINARY_AGE='5'
CC='/home/apps/android-sdk/ndk/20.1.5948944/toolchains/llvm/prebuilt/linux-x86_64/bin/armv7a-linux-androideabi21-clang'
CCDEPMODE='depmode=gcc3'
CFLAGS='-I/usr/include/libpng16 -I../SDL2-2.0.16/include -D_REENTRANT -I/usr/include/SDL2'
CPP='/home/apps/android-sdk/ndk/20.1.5948944/toolchains/llvm/prebuilt/linux-x86_64/bin/armv7a-linux-androideabi21-clang -E'
CPPFLAGS=''
CYGPATH_W='echo'
DEFS='-DPACKAGE_NAME=\"\" -DPACKAGE_TARNAME=\"\" -DPACKAGE_VERSION=\"\" -DPACKAGE_STRING=\"\" -DPACKAGE_BUGREPORT=\"\" -DPACKAGE_URL=\"\" -DSTDC_HEADERS=1 -DHAVE_SYS_TYPES_H=1 -DHAVE_SYS_STAT_H=1 -DHAVE_STDLIB_H=1 -DHAVE_STRING_H=1 -DHAVE_MEMORY_H=1 -DHAVE_STRINGS_H=1 -DHAVE_INTTYPES_H=1 -DHAVE_STDINT_H=1 -DHAVE_UNISTD_H=1 -DHAVE_DLFCN_H=1 -DLT_OBJDIR=\".libs/\" -DPACKAGE=\"SDL2_image\" -DVERSION=\"2.0.5\" -DLOAD_PNG=1 -DLOAD_BMP=1 -DLOAD_GIF=1 -DLOAD_LBM=1 -DLOAD_PCX=1 -DLOAD_PNM=1 -DLOAD_SVG=1 -DLOAD_TGA=1 -DLOAD_XCF=1 -DLOAD_XPM=1 -DLOAD_XV=1'
DEPDIR='.deps'
DLLTOOL='dlltool'
DSYMUTIL=''
DUMPBIN='link -dump -symbols'
ECHO_C=''
ECHO_N='-n'
ECHO_T=''
EGREP='/usr/bin/grep -E'
EXEEXT=''
FGREP='/usr/bin/grep -F'
GREP='/usr/bin/grep'
IMG_LIBS='-lpng16 -lz '
INSTALL_DATA='${INSTALL} -m 644'
INSTALL_PROGRAM='${INSTALL}'
INSTALL_SCRIPT='${INSTALL}'
INSTALL_STRIP_PROGRAM='$(install_sh) -c -s'
INTERFACE_AGE='3'
LD='/home/apps/android-sdk/ndk/20.1.5948944/toolchains/llvm/prebuilt/linux-x86_64/bin/ld'
LDFLAGS='-L../SDL2-2.0.16/build/android/lib/armeabi-v7a'
LIBOBJS=''
LIBPNG_CFLAGS='-I/usr/include/libpng16'
LIBPNG_LIBS='-lpng16 -lz'
LIBS=' -lSDL2'
LIBTOOL='$(SHELL) $(top_builddir)/libtool'
LIBWEBP_CFLAGS=''
LIBWEBP_LIBS=''
LIPO=''
LN_S='ln -s'
LTLIBOBJS=''
LT_AGE='2'
LT_CURRENT='2'
LT_RELEASE='2.0'
LT_REVISION='3'
MAJOR_VERSION='2'
MAKEINFO='${SHELL} /home/apps/sdl/SDL2_image-2.0.5/missing makeinfo'
MICRO_VERSION='5'
MINOR_VERSION='0'
MKDIR_P='/usr/bin/mkdir -p'
NM='link -dump -symbols'
NMEDIT=''
OBJC='gcc'
OBJCDEPMODE='depmode=gcc3'
OBJCFLAGS='-I/usr/include/libpng16 -I../SDL2-2.0.16/include -D_REENTRANT -I/usr/include/SDL2'
OBJDUMP='objdump'
OBJEXT='o'
OTOOL64=''
OTOOL=''
PACKAGE='SDL2_image'
PACKAGE_BUGREPORT=''
PACKAGE_NAME=''
PACKAGE_STRING=''
PACKAGE_TARNAME=''
PACKAGE_URL=''
PACKAGE_VERSION=''
PATH_SEPARATOR=':'
PKG_CONFIG='/usr/bin/pkg-config'
RANLIB='/home/apps/android-sdk/ndk/20.1.5948944/toolchains/llvm/prebuilt/linux-x86_64/bin/arm-linux-androideabi-ranlib'
SDL2_CONFIG='pkg-config sdl2'
SDL_CFLAGS='-D_REENTRANT -I/usr/include/SDL2'
SDL_LIBS='-lSDL2'
SDL_VERSION='2.0.8'
SED='/usr/bin/sed'
SET_MAKE=''
SHELL='/bin/bash'
STRIP='/home/apps/android-sdk/ndk/20.1.5948944/toolchains/llvm/prebuilt/linux-x86_64/bin/llvm-strip'
USE_IMAGEIO_FALSE=''
USE_IMAGEIO_TRUE='#'
USE_VERSION_RC_FALSE=''
USE_VERSION_RC_TRUE='#'
VERSION='2.0.5'
WINDRES=''
ac_ct_CC=''
ac_ct_DUMPBIN='link -dump -symbols'
ac_ct_OBJC='gcc'
am__EXEEXT_FALSE=''
am__EXEEXT_TRUE='#'
am__fastdepCC_FALSE='#'
am__fastdepCC_TRUE=''
am__fastdepOBJC_FALSE='#'
am__fastdepOBJC_TRUE=''
am__include='include'
am__isrc=''
am__leading_dot='.'
am__nodep='_no'
am__quote=''
am__tar='$${TAR-tar} chof - "$$tardir"'
am__untar='$${TAR-tar} xf -'
bindir='${exec_prefix}/bin'
build='x86_64-pc-linux-gnu'
build_alias=''
build_cpu='x86_64'
build_os='linux-gnu'
build_vendor='pc'
datadir='${datarootdir}'
datarootdir='${prefix}/share'
docdir='${datarootdir}/doc/${PACKAGE}'
dvidir='${docdir}'
exec_prefix='${prefix}'
host='armv7a-unknown-linux-androideabi'
host_alias='armv7a-linux-androideabi'
host_cpu='armv7a'
host_os='linux-androideabi'
host_vendor='unknown'
htmldir='${docdir}'
includedir='${prefix}/include'
infodir='${datarootdir}/info'
install_sh='${SHELL} /home/apps/sdl/SDL2_image-2.0.5/install-sh'
libdir='${exec_prefix}/lib'
libexecdir='${exec_prefix}/libexec'
localedir='${datarootdir}/locale'
localstatedir='${prefix}/var'
lt_ECHO='echo'
mandir='${datarootdir}/man'
mkdir_p='$(MKDIR_P)'
oldincludedir='/usr/include'
pdfdir='${docdir}'
prefix='/usr/local'
program_transform_name='s,x,x,'
psdir='${docdir}'
sbindir='${exec_prefix}/sbin'
sharedstatedir='${prefix}/com'
sysconfdir='${prefix}/etc'
target_alias=''

## ----------- ##
## confdefs.h. ##
## ----------- ##

/* confdefs.h */
#define PACKAGE_NAME ""
#define PACKAGE_TARNAME ""
#define PACKAGE_VERSION ""
#define PACKAGE_STRING ""
#define PACKAGE_BUGREPORT ""
#define PACKAGE_URL ""
#define STDC_HEADERS 1
#define HAVE_SYS_TYPES_H 1
#define HAVE_SYS_STAT_H 1
#define HAVE_STDLIB_H 1
#define HAVE_STRING_H 1
#define HAVE_MEMORY_H 1
#define HAVE_STRINGS_H 1
#define HAVE_INTTYPES_H 1
#define HAVE_STDINT_H 1
#define HAVE_UNISTD_H 1
#define HAVE_DLFCN_H 1
#define LT_OBJDIR ".libs/"
#define PACKAGE "SDL2_image"
#define VERSION "2.0.5"
#define LOAD_PNG 1
#define LOAD_BMP 1
#define LOAD_GIF 1
#define LOAD_LBM 1
#define LOAD_PCX 1
#define LOAD_PNM 1
#define LOAD_SVG 1
#define LOAD_TGA 1
#define LOAD_XCF 1
#define LOAD_XPM 1
#define LOAD_XV 1

configure: exit 0
